<html>
<head>
<title>TestNG:  Default test</title>
<link href="../testng.css" rel="stylesheet" type="text/css" />
<link href="../my-testng.css" rel="stylesheet" type="text/css" />

<style type="text/css">
.log { display: none;} 
.stack-trace { display: none;} 
</style>
<script type="text/javascript">
<!--
function flip(e) {
  current = e.style.display;
  if (current == 'block') {
    e.style.display = 'none';
    return 0;
  }
  else {
    e.style.display = 'block';
    return 1;
  }
}

function toggleBox(szDivId, elem, msg1, msg2)
{
  var res = -1;  if (document.getElementById) {
    res = flip(document.getElementById(szDivId));
  }
  else if (document.all) {
    // this is the way old msie versions work
    res = flip(document.all[szDivId]);
  }
  if(elem) {
    if(res == 0) elem.innerHTML = msg1; else elem.innerHTML = msg2;
  }

}

function toggleAllBoxes() {
  if (document.getElementsByTagName) {
    d = document.getElementsByTagName('div');
    for (i = 0; i < d.length; i++) {
      if (d[i].className == 'log') {
        flip(d[i]);
      }
    }
  }
}

// -->
</script>

</head>
<body>
<h2 align='center'>Default test</h2><table border='1' align="center">
<tr>
<td>Tests passed/Failed/Skipped:</td><td>13/1/0</td>
</tr><tr>
<td>Started on:</td><td>Tue Jan 13 17:37:14 PHT 2015</td>
</tr>
<tr><td>Total time:</td><td>500 seconds (500968 ms)</td>
</tr><tr>
<td>Included groups:</td><td></td>
</tr><tr>
<td>Excluded groups:</td><td></td>
</tr>
</table><p/>
<small><i>(Hover the method name to see the test class name)</i></small><p/>
<table width='100%' border='1' class='invocation-failed'>
<tr><td colspan='4' align='center'><b>FAILED TESTS</b></td></tr>
<tr><td><b>Test method</b></td>
<td width="30%"><b>Exception</b></td>
<td width="10%"><b>Time (seconds)</b></td>
<td><b>Instance</b></td>
</tr>
<tr>
<td title='com.skosay.test.datamanagement.CreateUser.testApplyInvalidEmail()'><b>testApplyInvalidEmail</b><br>Test class: com.skosay.test.datamanagement.CreateUser</td>
<td><div><pre>org.openqa.selenium.NoSuchElementException: Unable to locate element: {&quot;method&quot;:&quot;id&quot;,&quot;selector&quot;:&quot;name&quot;}
Command duration or timeout: 30.11 seconds
For documentation on this error, please visit: http://seleniumhq.org/exceptions/no_such_element.html
Build info: version: &apos;2.44.0&apos;, revision: &apos;76d78cf&apos;, time: &apos;2014-10-23 20:03:00&apos;
System info: host: &apos;MURIELs-Air&apos;, ip: &apos;192.168.5.148&apos;, os.name: &apos;Mac OS X&apos;, os.arch: &apos;x86_64&apos;, os.version: &apos;10.10.1&apos;, java.version: &apos;1.8.0_25&apos;
Driver info: org.openqa.selenium.firefox.FirefoxDriver
Capabilities [{applicationCacheEnabled=true, rotatable=false, handlesAlerts=true, databaseEnabled=true, version=34.0.5, platform=MAC, nativeEvents=false, acceptSslCerts=true, webStorageEnabled=true, locationContextEnabled=true, browserName=firefox, takesScreenshot=true, javascriptEnabled=true, cssSelectorsEnabled=true}]
Session ID: d85cfc7d-424c-c547-819d-217f5d82a05d
	at sun.reflect.NativeConstructorAccessorImpl.newInstance0(Native Method)
	at sun.reflect.NativeConstructorAccessorImpl.newInstance(NativeConstructorAccessorImpl.java:62)
	at sun.reflect.DelegatingConstructorAccessorImpl.newInstance(DelegatingConstructorAccessorImpl.java:45)
	at java.lang.reflect.Constructor.newInstance(Constructor.java:408)
	at org.openqa.selenium.remote.ErrorHandler.createThrowable(ErrorHandler.java:204)
	at org.openqa.selenium.remote.ErrorHandler.throwIfResponseFailed(ErrorHandler.java:156)
	at org.openqa.selenium.remote.RemoteWebDriver.execute(RemoteWebDriver.java:599)
	at org.openqa.selenium.remote.RemoteWebDriver.findElement(RemoteWebDriver.java:352)
	at org.openqa.selenium.remote.RemoteWebDriver.findElementById(RemoteWebDriver.java:393)
	at org.openqa.selenium.By$ById.findElement(By.java:214)
	at org.openqa.selenium.remote.RemoteWebDriver.findElement(RemoteWebDriver.java:344)
	at com.skosay.test.pageobject.UserPage.txt_Name(UserPage.java:10)
	at com.skosay.test.datamanagement.CreateUser.registerUser(CreateUser.java:26)
	at com.skosay.test.datamanagement.CreateUser.testApplyInvalidEmail(CreateUser.java:160)
	at sun.reflect.NativeMethodAccessorImpl.invoke0(Native Method)
	at sun.reflect.NativeMethodAccessorImpl.invoke(NativeMethodAccessorImpl.java:62)
	at sun.reflect.DelegatingMethodAccessorImpl.invoke(DelegatingMethodAccessorImpl.java:43)
	at java.lang.reflect.Method.invoke(Method.java:483)
	at org.testng.internal.MethodInvocationHelper.invokeMethod(MethodInvocationHelper.java:84)
	at org.testng.internal.Invoker.invokeMethod(Invoker.java:714)
	at org.testng.internal.Invoker.invokeTestMethod(Invoker.java:901)
	at org.testng.internal.Invoker.invokeTestMethods(Invoker.java:1231)
	at org.testng.internal.TestMethodWorker.invokeTestMethods(TestMethodWorker.java:127)
	at org.testng.internal.TestMethodWorker.run(TestMethodWorker.java:111)
	at org.testng.TestRunner.privateRun(TestRunner.java:767)
	at org.testng.TestRunner.run(TestRunner.java:617)
	at org.testng.SuiteRunner.runTest(SuiteRunner.java:334)
	at org.testng.SuiteRunner.runSequentially(SuiteRunner.java:329)
	at org.testng.SuiteRunner.privateRun(SuiteRunner.java:291)
	at org.testng.SuiteRunner.run(SuiteRunner.java:240)
	at org.testng.SuiteRunnerWorker.runSuite(SuiteRunnerWorker.java:52)
	at org.testng.SuiteRunnerWorker.run(SuiteRunnerWorker.java:86)
	at org.testng.TestNG.runSuitesSequentially(TestNG.java:1224)
	at org.testng.TestNG.runSuitesLocally(TestNG.java:1149)
	at org.testng.TestNG.run(TestNG.java:1057)
	at org.testng.remote.RemoteTestNG.run(RemoteTestNG.java:111)
	at org.testng.remote.RemoteTestNG.initAndRun(RemoteTestNG.java:204)
	at org.testng.remote.RemoteTestNG.main(RemoteTestNG.java:175)
Caused by: org.openqa.selenium.NoSuchElementException: Unable to locate element: {&quot;method&quot;:&quot;id&quot;,&quot;selector&quot;:&quot;name&quot;}
For documentation on this error, please visit: http://seleniumhq.org/exceptions/no_such_element.html
Build info: version: &apos;2.44.0&apos;, revision: &apos;76d78cf&apos;, time: &apos;2014-10-23 20:03:00&apos;
System info: host: &apos;MURIELs-Air&apos;, ip: &apos;192.168.5.148&apos;, os.name: &apos;Mac OS X&apos;, os.arch: &apos;x86_64&apos;, os.version: &apos;10.10.1&apos;, java.version: &apos;1.8.0_25&apos;
Driver info: driver.version: unknown
	at &lt;anonymous class&gt;.FirefoxDriver.prototype.findElementInternal_(file:///var/folders/d3/r0fgb5sd09l5ybp4w3_j8kpw0000gn/T/anonymous2432175720682249320webdriver-profile/extensions/fxdriver@googlecode.com/components/driver-component.js:9641:26)
	at &lt;anonymous class&gt;.fxdriver.Timer.prototype.setTimeout/&lt;.notify(file:///var/folders/d3/r0fgb5sd09l5ybp4w3_j8kpw0000gn/T/anonymous2432175720682249320webdriver-profile/extensions/fxdriver@googlecode.com/components/driver-component.js:548:5)
</pre></div><a href='#' onClick='toggleBox("stack-trace810267739", this, "Click to show all stack frames", "Click to hide stack frames")'>Click to show all stack frames</a>
<div class='stack-trace' id='stack-trace810267739'><pre>org.openqa.selenium.NoSuchElementException: Unable to locate element: {&quot;method&quot;:&quot;id&quot;,&quot;selector&quot;:&quot;name&quot;}
Command duration or timeout: 30.11 seconds
For documentation on this error, please visit: http://seleniumhq.org/exceptions/no_such_element.html
Build info: version: &apos;2.44.0&apos;, revision: &apos;76d78cf&apos;, time: &apos;2014-10-23 20:03:00&apos;
System info: host: &apos;MURIELs-Air&apos;, ip: &apos;192.168.5.148&apos;, os.name: &apos;Mac OS X&apos;, os.arch: &apos;x86_64&apos;, os.version: &apos;10.10.1&apos;, java.version: &apos;1.8.0_25&apos;
Driver info: org.openqa.selenium.firefox.FirefoxDriver
Capabilities [{applicationCacheEnabled=true, rotatable=false, handlesAlerts=true, databaseEnabled=true, version=34.0.5, platform=MAC, nativeEvents=false, acceptSslCerts=true, webStorageEnabled=true, locationContextEnabled=true, browserName=firefox, takesScreenshot=true, javascriptEnabled=true, cssSelectorsEnabled=true}]
Session ID: d85cfc7d-424c-c547-819d-217f5d82a05d
	at sun.reflect.NativeConstructorAccessorImpl.newInstance0(Native Method)
	at sun.reflect.NativeConstructorAccessorImpl.newInstance(NativeConstructorAccessorImpl.java:62)
	at sun.reflect.DelegatingConstructorAccessorImpl.newInstance(DelegatingConstructorAccessorImpl.java:45)
	at java.lang.reflect.Constructor.newInstance(Constructor.java:408)
	at org.openqa.selenium.remote.ErrorHandler.createThrowable(ErrorHandler.java:204)
	at org.openqa.selenium.remote.ErrorHandler.throwIfResponseFailed(ErrorHandler.java:156)
	at org.openqa.selenium.remote.RemoteWebDriver.execute(RemoteWebDriver.java:599)
	at org.openqa.selenium.remote.RemoteWebDriver.findElement(RemoteWebDriver.java:352)
	at org.openqa.selenium.remote.RemoteWebDriver.findElementById(RemoteWebDriver.java:393)
	at org.openqa.selenium.By$ById.findElement(By.java:214)
	at org.openqa.selenium.remote.RemoteWebDriver.findElement(RemoteWebDriver.java:344)
	at com.skosay.test.pageobject.UserPage.txt_Name(UserPage.java:10)
	at com.skosay.test.datamanagement.CreateUser.registerUser(CreateUser.java:26)
	at com.skosay.test.datamanagement.CreateUser.testApplyInvalidEmail(CreateUser.java:160)
	at sun.reflect.NativeMethodAccessorImpl.invoke0(Native Method)
	at sun.reflect.NativeMethodAccessorImpl.invoke(NativeMethodAccessorImpl.java:62)
	at sun.reflect.DelegatingMethodAccessorImpl.invoke(DelegatingMethodAccessorImpl.java:43)
	at java.lang.reflect.Method.invoke(Method.java:483)
	at org.testng.internal.MethodInvocationHelper.invokeMethod(MethodInvocationHelper.java:84)
	at org.testng.internal.Invoker.invokeMethod(Invoker.java:714)
	at org.testng.internal.Invoker.invokeTestMethod(Invoker.java:901)
	at org.testng.internal.Invoker.invokeTestMethods(Invoker.java:1231)
	at org.testng.internal.TestMethodWorker.invokeTestMethods(TestMethodWorker.java:127)
	at org.testng.internal.TestMethodWorker.run(TestMethodWorker.java:111)
	at org.testng.TestRunner.privateRun(TestRunner.java:767)
	at org.testng.TestRunner.run(TestRunner.java:617)
	at org.testng.SuiteRunner.runTest(SuiteRunner.java:334)
	at org.testng.SuiteRunner.runSequentially(SuiteRunner.java:329)
	at org.testng.SuiteRunner.privateRun(SuiteRunner.java:291)
	at org.testng.SuiteRunner.run(SuiteRunner.java:240)
	at org.testng.SuiteRunnerWorker.runSuite(SuiteRunnerWorker.java:52)
	at org.testng.SuiteRunnerWorker.run(SuiteRunnerWorker.java:86)
	at org.testng.TestNG.runSuitesSequentially(TestNG.java:1224)
	at org.testng.TestNG.runSuitesLocally(TestNG.java:1149)
	at org.testng.TestNG.run(TestNG.java:1057)
	at org.testng.remote.RemoteTestNG.run(RemoteTestNG.java:111)
	at org.testng.remote.RemoteTestNG.initAndRun(RemoteTestNG.java:204)
	at org.testng.remote.RemoteTestNG.main(RemoteTestNG.java:175)
Caused by: org.openqa.selenium.NoSuchElementException: Unable to locate element: {&quot;method&quot;:&quot;id&quot;,&quot;selector&quot;:&quot;name&quot;}
For documentation on this error, please visit: http://seleniumhq.org/exceptions/no_such_element.html
Build info: version: &apos;2.44.0&apos;, revision: &apos;76d78cf&apos;, time: &apos;2014-10-23 20:03:00&apos;
System info: host: &apos;MURIELs-Air&apos;, ip: &apos;192.168.5.148&apos;, os.name: &apos;Mac OS X&apos;, os.arch: &apos;x86_64&apos;, os.version: &apos;10.10.1&apos;, java.version: &apos;1.8.0_25&apos;
Driver info: driver.version: unknown
	at &lt;anonymous class&gt;.FirefoxDriver.prototype.findElementInternal_(file:///var/folders/d3/r0fgb5sd09l5ybp4w3_j8kpw0000gn/T/anonymous2432175720682249320webdriver-profile/extensions/fxdriver@googlecode.com/components/driver-component.js:9641:26)
	at &lt;anonymous class&gt;.fxdriver.Timer.prototype.setTimeout/&lt;.notify(file:///var/folders/d3/r0fgb5sd09l5ybp4w3_j8kpw0000gn/T/anonymous2432175720682249320webdriver-profile/extensions/fxdriver@googlecode.com/components/driver-component.js:548:5)
</pre></div></td>
<td>30</td>
<td>com.skosay.test.datamanagement.CreateUser@6833ce2c</td></tr>
</table><p>
<table width='100%' border='1' class='invocation-passed'>
<tr><td colspan='4' align='center'><b>PASSED TESTS</b></td></tr>
<tr><td><b>Test method</b></td>
<td width="30%"><b>Exception</b></td>
<td width="10%"><b>Time (seconds)</b></td>
<td><b>Instance</b></td>
</tr>
<tr>
<td title='com.skosay.test.datamanagement.CreateUser.testApply128CharEmail()'><b>testApply128CharEmail</b><br>Test class: com.skosay.test.datamanagement.CreateUser</td>
<td></td>
<td>112</td>
<td>com.skosay.test.datamanagement.CreateUser@6833ce2c</td></tr>
<tr>
<td title='com.skosay.test.datamanagement.CreateUser.testApply255CharName()'><b>testApply255CharName</b><br>Test class: com.skosay.test.datamanagement.CreateUser</td>
<td></td>
<td>40</td>
<td>com.skosay.test.datamanagement.CreateUser@6833ce2c</td></tr>
<tr>
<td title='com.skosay.test.datamanagement.CreateUser.testApply255CharPass()'><b>testApply255CharPass</b><br>Test class: com.skosay.test.datamanagement.CreateUser</td>
<td></td>
<td>29</td>
<td>com.skosay.test.datamanagement.CreateUser@6833ce2c</td></tr>
<tr>
<td title='com.skosay.test.datamanagement.CreateUser.testApply7CharPass()'><b>testApply7CharPass</b><br>Test class: com.skosay.test.datamanagement.CreateUser</td>
<td></td>
<td>26</td>
<td>com.skosay.test.datamanagement.CreateUser@6833ce2c</td></tr>
<tr>
<td title='com.skosay.test.datamanagement.CreateUser.testApplyBlankSpaceEmail()'><b>testApplyBlankSpaceEmail</b><br>Test class: com.skosay.test.datamanagement.CreateUser</td>
<td></td>
<td>8</td>
<td>com.skosay.test.datamanagement.CreateUser@6833ce2c</td></tr>
<tr>
<td title='com.skosay.test.datamanagement.CreateUser.testApplyBlankSpaceName()'><b>testApplyBlankSpaceName</b><br>Test class: com.skosay.test.datamanagement.CreateUser</td>
<td></td>
<td>26</td>
<td>com.skosay.test.datamanagement.CreateUser@6833ce2c</td></tr>
<tr>
<td title='com.skosay.test.datamanagement.CreateUser.testApplyBlankSpacePass()'><b>testApplyBlankSpacePass</b><br>Test class: com.skosay.test.datamanagement.CreateUser</td>
<td></td>
<td>119</td>
<td>com.skosay.test.datamanagement.CreateUser@6833ce2c</td></tr>
<tr>
<td title='com.skosay.test.datamanagement.CreateUser.testApplyNotClear()'><b>testApplyNotClear</b><br>Test class: com.skosay.test.datamanagement.CreateUser</td>
<td></td>
<td>10</td>
<td>com.skosay.test.datamanagement.CreateUser@6833ce2c</td></tr>
<tr>
<td title='com.skosay.test.datamanagement.CreateUser.testApplyUsedEmail()'><b>testApplyUsedEmail</b><br>Test class: com.skosay.test.datamanagement.CreateUser</td>
<td></td>
<td>45</td>
<td>com.skosay.test.datamanagement.CreateUser@6833ce2c</td></tr>
<tr>
<td title='com.skosay.test.datamanagement.CreateUser.testApplyUserAdmin()'><b>testApplyUserAdmin</b><br>Test class: com.skosay.test.datamanagement.CreateUser</td>
<td></td>
<td>4</td>
<td>com.skosay.test.datamanagement.CreateUser@6833ce2c</td></tr>
<tr>
<td title='com.skosay.test.datamanagement.CreateUser.testApplyUserConsumer()'><b>testApplyUserConsumer</b><br>Test class: com.skosay.test.datamanagement.CreateUser</td>
<td></td>
<td>5</td>
<td>com.skosay.test.datamanagement.CreateUser@6833ce2c</td></tr>
<tr>
<td title='com.skosay.test.datamanagement.CreateUser.testApplyUserDManager()'><b>testApplyUserDManager</b><br>Test class: com.skosay.test.datamanagement.CreateUser</td>
<td></td>
<td>6</td>
<td>com.skosay.test.datamanagement.CreateUser@6833ce2c</td></tr>
<tr>
<td title='com.skosay.test.datamanagement.CreateUser.testApplyUserManager()'><b>testApplyUserManager</b><br>Test class: com.skosay.test.datamanagement.CreateUser</td>
<td></td>
<td>11</td>
<td>com.skosay.test.datamanagement.CreateUser@6833ce2c</td></tr>
</table><p>
</body>
</html>