<?xml version="1.0" encoding="UTF-8"?>
<testng-results skipped="0" failed="1" total="14" passed="13">
  <reporter-output>
  </reporter-output>
  <suite name="Default suite" duration-ms="500968" started-at="2015-01-13T09:37:14Z" finished-at="2015-01-13T09:45:35Z">
    <groups>
    </groups>
    <test name="Default test" duration-ms="500968" started-at="2015-01-13T09:37:14Z" finished-at="2015-01-13T09:45:35Z">
      <class name="com.skosay.test.datamanagement.CreateUser">
        <test-method status="PASS" signature="setUp()[pri:0, instance:com.skosay.test.datamanagement.CreateUser@6833ce2c]" name="setUp" is-config="true" duration-ms="23652" started-at="2015-01-13T17:37:14Z" finished-at="2015-01-13T17:37:37Z">
          <reporter-output>
          </reporter-output>
        </test-method> <!-- setUp -->
        <test-method status="FAIL" signature="testApplyInvalidEmail()[pri:0, instance:com.skosay.test.datamanagement.CreateUser@6833ce2c]" name="testApplyInvalidEmail" duration-ms="30137" started-at="2015-01-13T17:37:37Z" finished-at="2015-01-13T17:38:07Z">
          <exception class="org.openqa.selenium.NoSuchElementException">
            <message>
              <![CDATA[Unable to locate element: {"method":"id","selector":"name"}
Command duration or timeout: 30.11 seconds
For documentation on this error, please visit: http://seleniumhq.org/exceptions/no_such_element.html
Build info: version: '2.44.0', revision: '76d78cf', time: '2014-10-23 20:03:00'
System info: host: 'MURIELs-Air', ip: '192.168.5.148', os.name: 'Mac OS X', os.arch: 'x86_64', os.version: '10.10.1', java.version: '1.8.0_25'
Driver info: org.openqa.selenium.firefox.FirefoxDriver
Capabilities [{applicationCacheEnabled=true, rotatable=false, handlesAlerts=true, databaseEnabled=true, version=34.0.5, platform=MAC, nativeEvents=false, acceptSslCerts=true, webStorageEnabled=true, locationContextEnabled=true, browserName=firefox, takesScreenshot=true, javascriptEnabled=true, cssSelectorsEnabled=true}]
Session ID: d85cfc7d-424c-c547-819d-217f5d82a05d]]>
            </message>
            <full-stacktrace>
              <![CDATA[org.openqa.selenium.NoSuchElementException: Unable to locate element: {"method":"id","selector":"name"}
Command duration or timeout: 30.11 seconds
For documentation on this error, please visit: http://seleniumhq.org/exceptions/no_such_element.html
Build info: version: '2.44.0', revision: '76d78cf', time: '2014-10-23 20:03:00'
System info: host: 'MURIELs-Air', ip: '192.168.5.148', os.name: 'Mac OS X', os.arch: 'x86_64', os.version: '10.10.1', java.version: '1.8.0_25'
Driver info: org.openqa.selenium.firefox.FirefoxDriver
Capabilities [{applicationCacheEnabled=true, rotatable=false, handlesAlerts=true, databaseEnabled=true, version=34.0.5, platform=MAC, nativeEvents=false, acceptSslCerts=true, webStorageEnabled=true, locationContextEnabled=true, browserName=firefox, takesScreenshot=true, javascriptEnabled=true, cssSelectorsEnabled=true}]
Session ID: d85cfc7d-424c-c547-819d-217f5d82a05d
	at sun.reflect.NativeConstructorAccessorImpl.newInstance0(Native Method)
	at sun.reflect.NativeConstructorAccessorImpl.newInstance(NativeConstructorAccessorImpl.java:62)
	at sun.reflect.DelegatingConstructorAccessorImpl.newInstance(DelegatingConstructorAccessorImpl.java:45)
	at java.lang.reflect.Constructor.newInstance(Constructor.java:408)
	at org.openqa.selenium.remote.ErrorHandler.createThrowable(ErrorHandler.java:204)
	at org.openqa.selenium.remote.ErrorHandler.throwIfResponseFailed(ErrorHandler.java:156)
	at org.openqa.selenium.remote.RemoteWebDriver.execute(RemoteWebDriver.java:599)
	at org.openqa.selenium.remote.RemoteWebDriver.findElement(RemoteWebDriver.java:352)
	at org.openqa.selenium.remote.RemoteWebDriver.findElementById(RemoteWebDriver.java:393)
	at org.openqa.selenium.By$ById.findElement(By.java:214)
	at org.openqa.selenium.remote.RemoteWebDriver.findElement(RemoteWebDriver.java:344)
	at com.skosay.test.pageobject.UserPage.txt_Name(UserPage.java:10)
	at com.skosay.test.datamanagement.CreateUser.registerUser(CreateUser.java:26)
	at com.skosay.test.datamanagement.CreateUser.testApplyInvalidEmail(CreateUser.java:160)
	at sun.reflect.NativeMethodAccessorImpl.invoke0(Native Method)
	at sun.reflect.NativeMethodAccessorImpl.invoke(NativeMethodAccessorImpl.java:62)
	at sun.reflect.DelegatingMethodAccessorImpl.invoke(DelegatingMethodAccessorImpl.java:43)
	at java.lang.reflect.Method.invoke(Method.java:483)
	at org.testng.internal.MethodInvocationHelper.invokeMethod(MethodInvocationHelper.java:84)
	at org.testng.internal.Invoker.invokeMethod(Invoker.java:714)
	at org.testng.internal.Invoker.invokeTestMethod(Invoker.java:901)
	at org.testng.internal.Invoker.invokeTestMethods(Invoker.java:1231)
	at org.testng.internal.TestMethodWorker.invokeTestMethods(TestMethodWorker.java:127)
	at org.testng.internal.TestMethodWorker.run(TestMethodWorker.java:111)
	at org.testng.TestRunner.privateRun(TestRunner.java:767)
	at org.testng.TestRunner.run(TestRunner.java:617)
	at org.testng.SuiteRunner.runTest(SuiteRunner.java:334)
	at org.testng.SuiteRunner.runSequentially(SuiteRunner.java:329)
	at org.testng.SuiteRunner.privateRun(SuiteRunner.java:291)
	at org.testng.SuiteRunner.run(SuiteRunner.java:240)
	at org.testng.SuiteRunnerWorker.runSuite(SuiteRunnerWorker.java:52)
	at org.testng.SuiteRunnerWorker.run(SuiteRunnerWorker.java:86)
	at org.testng.TestNG.runSuitesSequentially(TestNG.java:1224)
	at org.testng.TestNG.runSuitesLocally(TestNG.java:1149)
	at org.testng.TestNG.run(TestNG.java:1057)
	at org.testng.remote.RemoteTestNG.run(RemoteTestNG.java:111)
	at org.testng.remote.RemoteTestNG.initAndRun(RemoteTestNG.java:204)
	at org.testng.remote.RemoteTestNG.main(RemoteTestNG.java:175)
Caused by: org.openqa.selenium.NoSuchElementException: Unable to locate element: {"method":"id","selector":"name"}
For documentation on this error, please visit: http://seleniumhq.org/exceptions/no_such_element.html
Build info: version: '2.44.0', revision: '76d78cf', time: '2014-10-23 20:03:00'
System info: host: 'MURIELs-Air', ip: '192.168.5.148', os.name: 'Mac OS X', os.arch: 'x86_64', os.version: '10.10.1', java.version: '1.8.0_25'
Driver info: driver.version: unknown
	at <anonymous class>.FirefoxDriver.prototype.findElementInternal_(file:///var/folders/d3/r0fgb5sd09l5ybp4w3_j8kpw0000gn/T/anonymous2432175720682249320webdriver-profile/extensions/fxdriver@googlecode.com/components/driver-component.js:9641:26)
	at <anonymous class>.fxdriver.Timer.prototype.setTimeout/<.notify(file:///var/folders/d3/r0fgb5sd09l5ybp4w3_j8kpw0000gn/T/anonymous2432175720682249320webdriver-profile/extensions/fxdriver@googlecode.com/components/driver-component.js:548:5)
]]>
            </full-stacktrace>
          </exception> <!-- org.openqa.selenium.NoSuchElementException -->
          <reporter-output>
          </reporter-output>
        </test-method> <!-- testApplyInvalidEmail -->
        <test-method status="PASS" signature="testApplyUsedEmail()[pri:0, instance:com.skosay.test.datamanagement.CreateUser@6833ce2c]" name="testApplyUsedEmail" duration-ms="45756" started-at="2015-01-13T17:38:07Z" finished-at="2015-01-13T17:38:53Z">
          <reporter-output>
          </reporter-output>
        </test-method> <!-- testApplyUsedEmail -->
        <test-method status="PASS" signature="testApplyBlankSpaceName()[pri:0, instance:com.skosay.test.datamanagement.CreateUser@6833ce2c]" name="testApplyBlankSpaceName" duration-ms="26108" started-at="2015-01-13T17:38:53Z" finished-at="2015-01-13T17:39:19Z">
          <reporter-output>
          </reporter-output>
        </test-method> <!-- testApplyBlankSpaceName -->
        <test-method status="PASS" signature="testApplyBlankSpaceEmail()[pri:0, instance:com.skosay.test.datamanagement.CreateUser@6833ce2c]" name="testApplyBlankSpaceEmail" duration-ms="8741" started-at="2015-01-13T17:39:19Z" finished-at="2015-01-13T17:39:28Z">
          <reporter-output>
          </reporter-output>
        </test-method> <!-- testApplyBlankSpaceEmail -->
        <test-method status="PASS" signature="testApplyBlankSpacePass()[pri:0, instance:com.skosay.test.datamanagement.CreateUser@6833ce2c]" name="testApplyBlankSpacePass" duration-ms="119740" started-at="2015-01-13T17:39:28Z" finished-at="2015-01-13T17:41:28Z">
          <reporter-output>
          </reporter-output>
        </test-method> <!-- testApplyBlankSpacePass -->
        <test-method status="PASS" signature="testApply255CharName()[pri:0, instance:com.skosay.test.datamanagement.CreateUser@6833ce2c]" name="testApply255CharName" duration-ms="40587" started-at="2015-01-13T17:41:28Z" finished-at="2015-01-13T17:42:08Z">
          <reporter-output>
          </reporter-output>
        </test-method> <!-- testApply255CharName -->
        <test-method status="PASS" signature="testApply128CharEmail()[pri:0, instance:com.skosay.test.datamanagement.CreateUser@6833ce2c]" name="testApply128CharEmail" duration-ms="112475" started-at="2015-01-13T17:42:08Z" finished-at="2015-01-13T17:44:01Z">
          <reporter-output>
          </reporter-output>
        </test-method> <!-- testApply128CharEmail -->
        <test-method status="PASS" signature="testApply255CharPass()[pri:0, instance:com.skosay.test.datamanagement.CreateUser@6833ce2c]" name="testApply255CharPass" duration-ms="29241" started-at="2015-01-13T17:44:01Z" finished-at="2015-01-13T17:44:30Z">
          <reporter-output>
          </reporter-output>
        </test-method> <!-- testApply255CharPass -->
        <test-method status="PASS" signature="testApply7CharPass()[pri:0, instance:com.skosay.test.datamanagement.CreateUser@6833ce2c]" name="testApply7CharPass" duration-ms="26156" started-at="2015-01-13T17:44:30Z" finished-at="2015-01-13T17:44:56Z">
          <reporter-output>
          </reporter-output>
        </test-method> <!-- testApply7CharPass -->
        <test-method status="PASS" signature="testApplyUserAdmin()[pri:0, instance:com.skosay.test.datamanagement.CreateUser@6833ce2c]" name="testApplyUserAdmin" duration-ms="4038" started-at="2015-01-13T17:44:56Z" finished-at="2015-01-13T17:45:00Z">
          <reporter-output>
          </reporter-output>
        </test-method> <!-- testApplyUserAdmin -->
        <test-method status="PASS" signature="testApplyUserDManager()[pri:0, instance:com.skosay.test.datamanagement.CreateUser@6833ce2c]" name="testApplyUserDManager" duration-ms="6664" started-at="2015-01-13T17:45:00Z" finished-at="2015-01-13T17:45:07Z">
          <reporter-output>
          </reporter-output>
        </test-method> <!-- testApplyUserDManager -->
        <test-method status="PASS" signature="testApplyUserManager()[pri:0, instance:com.skosay.test.datamanagement.CreateUser@6833ce2c]" name="testApplyUserManager" duration-ms="11342" started-at="2015-01-13T17:45:07Z" finished-at="2015-01-13T17:45:18Z">
          <reporter-output>
          </reporter-output>
        </test-method> <!-- testApplyUserManager -->
        <test-method status="PASS" signature="testApplyUserConsumer()[pri:0, instance:com.skosay.test.datamanagement.CreateUser@6833ce2c]" name="testApplyUserConsumer" duration-ms="5574" started-at="2015-01-13T17:45:18Z" finished-at="2015-01-13T17:45:24Z">
          <reporter-output>
          </reporter-output>
        </test-method> <!-- testApplyUserConsumer -->
        <test-method status="PASS" signature="testApplyNotClear()[pri:0, instance:com.skosay.test.datamanagement.CreateUser@6833ce2c]" name="testApplyNotClear" duration-ms="10646" started-at="2015-01-13T17:45:24Z" finished-at="2015-01-13T17:45:34Z">
          <reporter-output>
          </reporter-output>
        </test-method> <!-- testApplyNotClear -->
        <test-method status="PASS" signature="quit()[pri:0, instance:com.skosay.test.datamanagement.CreateUser@6833ce2c]" name="quit" is-config="true" duration-ms="82" started-at="2015-01-13T17:45:34Z" finished-at="2015-01-13T17:45:35Z">
          <reporter-output>
          </reporter-output>
        </test-method> <!-- quit -->
      </class> <!-- com.skosay.test.datamanagement.CreateUser -->
    </test> <!-- Default test -->
  </suite> <!-- Default suite -->
</testng-results>
